mode: set
github.com/jmgilman/sow/cli/internal/sow/config.go:20.56,22.15 2 0
github.com/jmgilman/sow/cli/internal/sow/config.go:22.15,24.3 1 0
github.com/jmgilman/sow/cli/internal/sow/config.go:27.2,28.16 2 0
github.com/jmgilman/sow/cli/internal/sow/config.go:28.16,31.3 1 0
github.com/jmgilman/sow/cli/internal/sow/config.go:34.2,35.54 2 0
github.com/jmgilman/sow/cli/internal/sow/config.go:35.54,37.3 1 0
github.com/jmgilman/sow/cli/internal/sow/config.go:40.2,42.21 2 0
github.com/jmgilman/sow/cli/internal/sow/config.go:46.41,59.2 3 0
github.com/jmgilman/sow/cli/internal/sow/config.go:62.44,63.29 1 0
github.com/jmgilman/sow/cli/internal/sow/config.go:63.29,68.3 1 0
github.com/jmgilman/sow/cli/internal/sow/config.go:70.2,70.34 1 0
github.com/jmgilman/sow/cli/internal/sow/config.go:70.34,73.3 2 0
github.com/jmgilman/sow/cli/internal/sow/config.go:75.2,75.41 1 0
github.com/jmgilman/sow/cli/internal/sow/config.go:75.41,78.3 2 0
github.com/jmgilman/sow/cli/internal/sow/config.go:82.63,83.61 1 0
github.com/jmgilman/sow/cli/internal/sow/config.go:83.61,85.3 1 0
github.com/jmgilman/sow/cli/internal/sow/config.go:86.2,86.76 1 0
github.com/jmgilman/sow/cli/internal/sow/config.go:90.69,91.68 1 0
github.com/jmgilman/sow/cli/internal/sow/config.go:91.68,93.3 1 0
github.com/jmgilman/sow/cli/internal/sow/config.go:94.2,94.82 1 0
github.com/jmgilman/sow/cli/internal/sow/config.go:99.47,101.2 1 0
github.com/jmgilman/sow/cli/internal/sow/context.go:30.52,34.54 2 1
github.com/jmgilman/sow/cli/internal/sow/context.go:34.54,36.3 1 0
github.com/jmgilman/sow/cli/internal/sow/context.go:39.2,40.16 2 1
github.com/jmgilman/sow/cli/internal/sow/context.go:40.16,42.3 1 0
github.com/jmgilman/sow/cli/internal/sow/context.go:45.2,51.33 5 1
github.com/jmgilman/sow/cli/internal/sow/context.go:51.33,57.17 3 1
github.com/jmgilman/sow/cli/internal/sow/context.go:57.17,59.4 1 0
github.com/jmgilman/sow/cli/internal/sow/context.go:62.3,63.49 2 1
github.com/jmgilman/sow/cli/internal/sow/context.go:63.49,65.4 1 0
github.com/jmgilman/sow/cli/internal/sow/context.go:67.3,77.40 4 1
github.com/jmgilman/sow/cli/internal/sow/context.go:77.40,78.64 1 1
github.com/jmgilman/sow/cli/internal/sow/context.go:78.64,80.10 2 1
github.com/jmgilman/sow/cli/internal/sow/context.go:84.3,84.24 1 1
github.com/jmgilman/sow/cli/internal/sow/context.go:84.24,86.4 1 0
github.com/jmgilman/sow/cli/internal/sow/context.go:90.3,90.36 1 1
github.com/jmgilman/sow/cli/internal/sow/context.go:90.36,92.4 1 0
github.com/jmgilman/sow/cli/internal/sow/context.go:92.9,92.28 1 1
github.com/jmgilman/sow/cli/internal/sow/context.go:92.28,95.4 1 1
github.com/jmgilman/sow/cli/internal/sow/context.go:95.9,97.4 1 0
github.com/jmgilman/sow/cli/internal/sow/context.go:98.8,101.3 1 1
github.com/jmgilman/sow/cli/internal/sow/context.go:103.2,110.8 1 1
github.com/jmgilman/sow/cli/internal/sow/context.go:114.27,116.2 1 0
github.com/jmgilman/sow/cli/internal/sow/context.go:119.30,121.2 1 1
github.com/jmgilman/sow/cli/internal/sow/context.go:124.39,125.21 1 0
github.com/jmgilman/sow/cli/internal/sow/context.go:125.21,127.3 1 0
github.com/jmgilman/sow/cli/internal/sow/context.go:128.2,128.17 1 0
github.com/jmgilman/sow/cli/internal/sow/context.go:132.37,134.2 1 1
github.com/jmgilman/sow/cli/internal/sow/context.go:137.40,139.2 1 0
github.com/jmgilman/sow/cli/internal/sow/context.go:142.37,144.2 1 1
github.com/jmgilman/sow/cli/internal/sow/context.go:148.41,150.2 1 1
github.com/jmgilman/sow/cli/internal/sow/context.go:155.38,156.18 1 1
github.com/jmgilman/sow/cli/internal/sow/context.go:156.18,158.3 1 1
github.com/jmgilman/sow/cli/internal/sow/context.go:159.2,159.51 1 1
github.com/jmgilman/sow/cli/internal/sow/context.go:165.38,166.18 1 1
github.com/jmgilman/sow/cli/internal/sow/context.go:166.18,168.3 1 1
github.com/jmgilman/sow/cli/internal/sow/context.go:169.2,169.51 1 1
github.com/jmgilman/sow/cli/internal/sow/fs.go:30.41,32.30 1 1
github.com/jmgilman/sow/cli/internal/sow/fs.go:32.30,34.3 1 1
github.com/jmgilman/sow/cli/internal/sow/fs.go:37.2,41.16 3 0
github.com/jmgilman/sow/cli/internal/sow/fs.go:41.16,43.3 1 0
github.com/jmgilman/sow/cli/internal/sow/fs.go:46.2,47.16 2 0
github.com/jmgilman/sow/cli/internal/sow/fs.go:47.16,49.3 1 0
github.com/jmgilman/sow/cli/internal/sow/fs.go:51.2,51.19 1 0
github.com/jmgilman/sow/cli/internal/sow/git.go:26.44,29.16 2 0
github.com/jmgilman/sow/cli/internal/sow/git.go:29.16,31.3 1 0
github.com/jmgilman/sow/cli/internal/sow/git.go:33.2,36.8 1 0
github.com/jmgilman/sow/cli/internal/sow/git.go:43.44,45.2 1 1
github.com/jmgilman/sow/cli/internal/sow/git.go:48.33,50.2 1 0
github.com/jmgilman/sow/cli/internal/sow/git.go:64.47,66.16 2 0
github.com/jmgilman/sow/cli/internal/sow/git.go:66.16,68.3 1 0
github.com/jmgilman/sow/cli/internal/sow/git.go:70.2,70.20 1 0
github.com/jmgilman/sow/cli/internal/sow/git.go:90.53,92.2 1 0
github.com/jmgilman/sow/cli/internal/sow/git.go:102.53,105.16 2 0
github.com/jmgilman/sow/cli/internal/sow/git.go:105.16,107.3 1 0
github.com/jmgilman/sow/cli/internal/sow/git.go:109.2,110.16 2 0
github.com/jmgilman/sow/cli/internal/sow/git.go:110.16,112.3 1 0
github.com/jmgilman/sow/cli/internal/sow/git.go:115.2,115.31 1 0
github.com/jmgilman/sow/cli/internal/sow/git.go:121.44,123.16 2 0
github.com/jmgilman/sow/cli/internal/sow/git.go:123.16,125.3 1 0
github.com/jmgilman/sow/cli/internal/sow/git.go:128.2,129.34 2 0
github.com/jmgilman/sow/cli/internal/sow/git.go:129.34,130.23 1 0
github.com/jmgilman/sow/cli/internal/sow/git.go:130.23,132.4 1 0
github.com/jmgilman/sow/cli/internal/sow/git.go:135.2,135.19 1 0
github.com/jmgilman/sow/cli/internal/sow/git.go:150.55,153.16 2 0
github.com/jmgilman/sow/cli/internal/sow/git.go:153.16,155.3 1 0
github.com/jmgilman/sow/cli/internal/sow/git.go:158.2,161.16 2 0
github.com/jmgilman/sow/cli/internal/sow/git.go:161.16,163.3 1 0
github.com/jmgilman/sow/cli/internal/sow/git.go:165.2,165.12 1 0
github.com/jmgilman/sow/cli/internal/sow/github_cli.go:35.54,39.2 1 1
github.com/jmgilman/sow/cli/internal/sow/github_cli.go:43.51,45.2 1 0
github.com/jmgilman/sow/cli/internal/sow/github_cli.go:52.43,54.2 1 0
github.com/jmgilman/sow/cli/internal/sow/github_cli.go:59.47,61.2 1 0
github.com/jmgilman/sow/cli/internal/sow/github_cli.go:70.38,71.20 1 0
github.com/jmgilman/sow/cli/internal/sow/github_cli.go:71.20,73.3 1 0
github.com/jmgilman/sow/cli/internal/sow/github_cli.go:74.2,74.58 1 0
github.com/jmgilman/sow/cli/internal/sow/github_cli.go:77.38,79.2 1 0
github.com/jmgilman/sow/cli/internal/sow/github_cli.go:102.45,103.29 1 0
github.com/jmgilman/sow/cli/internal/sow/github_cli.go:103.29,104.22 1 0
github.com/jmgilman/sow/cli/internal/sow/github_cli.go:104.22,106.4 1 0
github.com/jmgilman/sow/cli/internal/sow/github_cli.go:108.2,108.14 1 0
github.com/jmgilman/sow/cli/internal/sow/github_cli.go:114.44,115.20 1 1
github.com/jmgilman/sow/cli/internal/sow/github_cli.go:115.20,117.3 1 1
github.com/jmgilman/sow/cli/internal/sow/github_cli.go:118.2,118.12 1 1
github.com/jmgilman/sow/cli/internal/sow/github_cli.go:122.48,125.57 1 1
github.com/jmgilman/sow/cli/internal/sow/github_cli.go:125.57,127.3 1 1
github.com/jmgilman/sow/cli/internal/sow/github_cli.go:129.2,129.12 1 1
github.com/jmgilman/sow/cli/internal/sow/github_cli.go:136.36,137.43 1 1
github.com/jmgilman/sow/cli/internal/sow/github_cli.go:137.43,139.3 1 1
github.com/jmgilman/sow/cli/internal/sow/github_cli.go:140.2,140.47 1 1
github.com/jmgilman/sow/cli/internal/sow/github_cli.go:140.47,142.3 1 0
github.com/jmgilman/sow/cli/internal/sow/github_cli.go:143.2,143.12 1 1
github.com/jmgilman/sow/cli/internal/sow/github_cli.go:148.47,150.2 1 0
github.com/jmgilman/sow/cli/internal/sow/github_cli.go:161.70,162.35 1 0
github.com/jmgilman/sow/cli/internal/sow/github_cli.go:162.35,164.3 1 0
github.com/jmgilman/sow/cli/internal/sow/github_cli.go:166.2,173.16 2 0
github.com/jmgilman/sow/cli/internal/sow/github_cli.go:173.16,179.3 1 0
github.com/jmgilman/sow/cli/internal/sow/github_cli.go:181.2,182.64 2 0
github.com/jmgilman/sow/cli/internal/sow/github_cli.go:182.64,184.3 1 0
github.com/jmgilman/sow/cli/internal/sow/github_cli.go:186.2,186.20 1 0
github.com/jmgilman/sow/cli/internal/sow/github_cli.go:190.58,191.35 1 1
github.com/jmgilman/sow/cli/internal/sow/github_cli.go:191.35,193.3 1 0
github.com/jmgilman/sow/cli/internal/sow/github_cli.go:195.2,199.16 2 1
github.com/jmgilman/sow/cli/internal/sow/github_cli.go:199.16,205.3 1 0
github.com/jmgilman/sow/cli/internal/sow/github_cli.go:207.2,208.63 2 1
github.com/jmgilman/sow/cli/internal/sow/github_cli.go:208.63,210.3 1 0
github.com/jmgilman/sow/cli/internal/sow/github_cli.go:212.2,212.20 1 1
github.com/jmgilman/sow/cli/internal/sow/github_cli.go:218.75,219.35 1 0
github.com/jmgilman/sow/cli/internal/sow/github_cli.go:219.35,221.3 1 0
github.com/jmgilman/sow/cli/internal/sow/github_cli.go:223.2,226.16 2 0
github.com/jmgilman/sow/cli/internal/sow/github_cli.go:226.16,229.51 1 0
github.com/jmgilman/sow/cli/internal/sow/github_cli.go:229.51,231.4 1 0
github.com/jmgilman/sow/cli/internal/sow/github_cli.go:233.3,237.4 1 0
github.com/jmgilman/sow/cli/internal/sow/github_cli.go:242.2,245.29 3 0
github.com/jmgilman/sow/cli/internal/sow/github_cli.go:245.29,247.13 1 0
github.com/jmgilman/sow/cli/internal/sow/github_cli.go:247.13,248.12 1 0
github.com/jmgilman/sow/cli/internal/sow/github_cli.go:252.3,253.17 2 0
github.com/jmgilman/sow/cli/internal/sow/github_cli.go:253.17,254.12 1 0
github.com/jmgilman/sow/cli/internal/sow/github_cli.go:258.3,259.22 2 0
github.com/jmgilman/sow/cli/internal/sow/github_cli.go:259.22,264.4 1 0
github.com/jmgilman/sow/cli/internal/sow/github_cli.go:267.2,267.22 1 0
github.com/jmgilman/sow/cli/internal/sow/github_cli.go:278.107,279.35 1 0
github.com/jmgilman/sow/cli/internal/sow/github_cli.go:279.35,281.3 1 0
github.com/jmgilman/sow/cli/internal/sow/github_cli.go:283.2,287.22 2 0
github.com/jmgilman/sow/cli/internal/sow/github_cli.go:287.22,289.3 1 0
github.com/jmgilman/sow/cli/internal/sow/github_cli.go:291.2,291.14 1 0
github.com/jmgilman/sow/cli/internal/sow/github_cli.go:291.14,293.3 1 0
github.com/jmgilman/sow/cli/internal/sow/github_cli.go:295.2,296.16 2 0
github.com/jmgilman/sow/cli/internal/sow/github_cli.go:296.16,302.3 1 0
github.com/jmgilman/sow/cli/internal/sow/github_cli.go:307.2,310.22 2 0
github.com/jmgilman/sow/cli/internal/sow/github_cli.go:310.22,312.3 1 0
github.com/jmgilman/sow/cli/internal/sow/github_cli.go:316.2,317.29 2 0
github.com/jmgilman/sow/cli/internal/sow/github_cli.go:317.29,318.95 1 0
github.com/jmgilman/sow/cli/internal/sow/github_cli.go:318.95,320.23 2 0
github.com/jmgilman/sow/cli/internal/sow/github_cli.go:320.23,322.5 1 0
github.com/jmgilman/sow/cli/internal/sow/github_cli.go:329.2,330.16 2 0
github.com/jmgilman/sow/cli/internal/sow/github_cli.go:330.16,332.3 1 0
github.com/jmgilman/sow/cli/internal/sow/github_cli.go:335.2,336.24 2 0
github.com/jmgilman/sow/cli/internal/sow/github_cli.go:349.86,350.35 1 0
github.com/jmgilman/sow/cli/internal/sow/github_cli.go:350.35,352.3 1 0
github.com/jmgilman/sow/cli/internal/sow/github_cli.go:355.2,358.31 2 0
github.com/jmgilman/sow/cli/internal/sow/github_cli.go:358.31,360.3 1 0
github.com/jmgilman/sow/cli/internal/sow/github_cli.go:362.2,363.16 2 0
github.com/jmgilman/sow/cli/internal/sow/github_cli.go:363.16,369.3 1 0
github.com/jmgilman/sow/cli/internal/sow/github_cli.go:372.2,374.21 3 0
github.com/jmgilman/sow/cli/internal/sow/github_cli.go:374.21,376.3 1 0
github.com/jmgilman/sow/cli/internal/sow/github_cli.go:379.2,382.42 2 0
github.com/jmgilman/sow/cli/internal/sow/github_cli.go:382.42,384.3 1 0
github.com/jmgilman/sow/cli/internal/sow/github_cli.go:387.2,388.20 2 0
github.com/jmgilman/sow/cli/internal/sow/github_cli.go:388.20,390.3 1 0
github.com/jmgilman/sow/cli/internal/sow/github_cli.go:391.2,394.16 4 0
github.com/jmgilman/sow/cli/internal/sow/github_cli.go:394.16,396.3 1 0
github.com/jmgilman/sow/cli/internal/sow/github_cli.go:398.2,404.8 1 0
github.com/jmgilman/sow/cli/internal/sow/github_cli.go:422.92,423.35 1 1
github.com/jmgilman/sow/cli/internal/sow/github_cli.go:423.35,425.3 1 1
github.com/jmgilman/sow/cli/internal/sow/github_cli.go:428.2,429.11 2 1
github.com/jmgilman/sow/cli/internal/sow/github_cli.go:429.11,431.3 1 1
github.com/jmgilman/sow/cli/internal/sow/github_cli.go:433.2,434.16 2 1
github.com/jmgilman/sow/cli/internal/sow/github_cli.go:434.16,440.3 1 1
github.com/jmgilman/sow/cli/internal/sow/github_cli.go:443.2,445.21 3 1
github.com/jmgilman/sow/cli/internal/sow/github_cli.go:445.21,447.3 1 0
github.com/jmgilman/sow/cli/internal/sow/github_cli.go:450.2,453.39 2 1
github.com/jmgilman/sow/cli/internal/sow/github_cli.go:453.39,455.3 1 1
github.com/jmgilman/sow/cli/internal/sow/github_cli.go:458.2,459.20 2 1
github.com/jmgilman/sow/cli/internal/sow/github_cli.go:459.20,461.3 1 0
github.com/jmgilman/sow/cli/internal/sow/github_cli.go:462.2,465.16 4 1
github.com/jmgilman/sow/cli/internal/sow/github_cli.go:465.16,467.3 1 0
github.com/jmgilman/sow/cli/internal/sow/github_cli.go:469.2,469.29 1 1
github.com/jmgilman/sow/cli/internal/sow/github_cli.go:481.77,482.35 1 1
github.com/jmgilman/sow/cli/internal/sow/github_cli.go:482.35,484.3 1 1
github.com/jmgilman/sow/cli/internal/sow/github_cli.go:486.2,493.16 3 1
github.com/jmgilman/sow/cli/internal/sow/github_cli.go:493.16,499.3 1 1
github.com/jmgilman/sow/cli/internal/sow/github_cli.go:501.2,501.12 1 1
github.com/jmgilman/sow/cli/internal/sow/github_cli.go:511.60,512.35 1 1
github.com/jmgilman/sow/cli/internal/sow/github_cli.go:512.35,514.3 1 1
github.com/jmgilman/sow/cli/internal/sow/github_cli.go:516.2,521.16 3 1
github.com/jmgilman/sow/cli/internal/sow/github_cli.go:521.16,527.3 1 1
github.com/jmgilman/sow/cli/internal/sow/github_cli.go:529.2,529.12 1 1
github.com/jmgilman/sow/cli/internal/sow/github_cli.go:535.35,545.22 5 0
github.com/jmgilman/sow/cli/internal/sow/github_cli.go:545.22,546.67 1 0
github.com/jmgilman/sow/cli/internal/sow/github_cli.go:546.67,548.4 1 0
github.com/jmgilman/sow/cli/internal/sow/github_cli.go:552.2,553.34 2 0
github.com/jmgilman/sow/cli/internal/sow/github_cli.go:553.34,555.3 1 0
github.com/jmgilman/sow/cli/internal/sow/github_cli.go:558.2,560.12 2 0
github.com/jmgilman/sow/cli/internal/sow/github_factory.go:32.46,34.53 1 1
github.com/jmgilman/sow/cli/internal/sow/github_factory.go:34.54,38.3 0 1
github.com/jmgilman/sow/cli/internal/sow/github_factory.go:41.2,42.34 2 1
github.com/jmgilman/sow/cli/internal/sow/options.go:10.46,12.2 1 0
github.com/jmgilman/sow/cli/internal/sow/options.go:18.58,19.32 1 0
github.com/jmgilman/sow/cli/internal/sow/options.go:19.32,21.3 1 0
github.com/jmgilman/sow/cli/internal/sow/options.go:36.34,38.2 1 0
github.com/jmgilman/sow/cli/internal/sow/options.go:41.46,43.2 1 0
github.com/jmgilman/sow/cli/internal/sow/options.go:46.43,48.2 1 0
github.com/jmgilman/sow/cli/internal/sow/options.go:54.43,55.31 1 0
github.com/jmgilman/sow/cli/internal/sow/options.go:55.31,57.3 1 0
github.com/jmgilman/sow/cli/internal/sow/options.go:61.45,62.31 1 0
github.com/jmgilman/sow/cli/internal/sow/options.go:62.31,64.3 1 0
github.com/jmgilman/sow/cli/internal/sow/options.go:68.50,69.31 1 0
github.com/jmgilman/sow/cli/internal/sow/options.go:69.31,71.3 1 0
github.com/jmgilman/sow/cli/internal/sow/options.go:75.41,76.31 1 0
github.com/jmgilman/sow/cli/internal/sow/options.go:76.31,78.3 1 0
github.com/jmgilman/sow/cli/internal/sow/options.go:82.53,83.31 1 0
github.com/jmgilman/sow/cli/internal/sow/options.go:83.31,85.3 1 0
github.com/jmgilman/sow/cli/internal/sow/options.go:89.35,90.31 1 0
github.com/jmgilman/sow/cli/internal/sow/options.go:90.31,92.3 1 0
github.com/jmgilman/sow/cli/internal/sow/sow.go:30.42,34.2 3 1
github.com/jmgilman/sow/cli/internal/sow/sow.go:38.34,41.44 2 0
github.com/jmgilman/sow/cli/internal/sow/sow.go:41.44,43.3 1 0
github.com/jmgilman/sow/cli/internal/sow/sow.go:46.2,46.29 1 0
github.com/jmgilman/sow/cli/internal/sow/sow.go:46.29,48.3 1 0
github.com/jmgilman/sow/cli/internal/sow/sow.go:51.2,52.51 2 0
github.com/jmgilman/sow/cli/internal/sow/sow.go:52.51,54.3 1 0
github.com/jmgilman/sow/cli/internal/sow/sow.go:57.2,58.57 2 0
github.com/jmgilman/sow/cli/internal/sow/sow.go:58.57,60.3 1 0
github.com/jmgilman/sow/cli/internal/sow/sow.go:63.2,64.52 2 0
github.com/jmgilman/sow/cli/internal/sow/sow.go:64.52,66.3 1 0
github.com/jmgilman/sow/cli/internal/sow/sow.go:69.2,70.60 2 0
github.com/jmgilman/sow/cli/internal/sow/sow.go:70.60,72.3 1 0
github.com/jmgilman/sow/cli/internal/sow/sow.go:75.2,80.86 3 0
github.com/jmgilman/sow/cli/internal/sow/sow.go:80.86,82.3 1 0
github.com/jmgilman/sow/cli/internal/sow/sow.go:85.2,86.52 2 0
github.com/jmgilman/sow/cli/internal/sow/sow.go:86.52,88.3 1 0
github.com/jmgilman/sow/cli/internal/sow/sow.go:91.2,93.76 3 0
github.com/jmgilman/sow/cli/internal/sow/sow.go:93.76,95.3 1 0
github.com/jmgilman/sow/cli/internal/sow/sow.go:98.2,100.72 3 0
github.com/jmgilman/sow/cli/internal/sow/sow.go:100.72,102.3 1 0
github.com/jmgilman/sow/cli/internal/sow/sow.go:105.2,119.70 3 0
github.com/jmgilman/sow/cli/internal/sow/sow.go:119.70,121.3 1 0
github.com/jmgilman/sow/cli/internal/sow/sow.go:124.2,130.68 3 0
github.com/jmgilman/sow/cli/internal/sow/sow.go:130.68,132.3 1 0
github.com/jmgilman/sow/cli/internal/sow/sow.go:134.2,134.12 1 0
github.com/jmgilman/sow/cli/internal/sow/sow.go:139.54,143.16 2 0
github.com/jmgilman/sow/cli/internal/sow/sow.go:143.16,145.3 1 0
github.com/jmgilman/sow/cli/internal/sow/sow.go:148.2,149.16 2 0
github.com/jmgilman/sow/cli/internal/sow/sow.go:149.16,151.3 1 0
github.com/jmgilman/sow/cli/internal/sow/sow.go:154.2,159.21 3 0
github.com/jmgilman/sow/cli/internal/sow/sow.go:159.21,160.97 1 0
github.com/jmgilman/sow/cli/internal/sow/sow.go:160.97,162.4 1 0
github.com/jmgilman/sow/cli/internal/sow/sow.go:166.2,166.68 1 0
github.com/jmgilman/sow/cli/internal/sow/sow.go:166.68,168.3 1 0
github.com/jmgilman/sow/cli/internal/sow/sow.go:170.2,170.19 1 0
github.com/jmgilman/sow/cli/internal/sow/worktree.go:14.51,16.2 1 1
github.com/jmgilman/sow/cli/internal/sow/worktree.go:21.62,23.41 1 1
github.com/jmgilman/sow/cli/internal/sow/worktree.go:23.41,26.3 1 1
github.com/jmgilman/sow/cli/internal/sow/worktree.go:29.2,29.62 1 1
github.com/jmgilman/sow/cli/internal/sow/worktree.go:29.62,31.3 1 0
github.com/jmgilman/sow/cli/internal/sow/worktree.go:34.2,38.16 5 1
github.com/jmgilman/sow/cli/internal/sow/worktree.go:38.16,40.3 1 0
github.com/jmgilman/sow/cli/internal/sow/worktree.go:41.2,46.29 3 1
github.com/jmgilman/sow/cli/internal/sow/worktree.go:46.29,49.41 3 0
github.com/jmgilman/sow/cli/internal/sow/worktree.go:49.41,54.4 3 0
github.com/jmgilman/sow/cli/internal/sow/worktree.go:58.2,63.19 4 1
github.com/jmgilman/sow/cli/internal/sow/worktree.go:63.19,67.17 3 0
github.com/jmgilman/sow/cli/internal/sow/worktree.go:67.17,69.4 1 0
github.com/jmgilman/sow/cli/internal/sow/worktree.go:72.3,74.66 3 0
github.com/jmgilman/sow/cli/internal/sow/worktree.go:74.66,76.4 1 0
github.com/jmgilman/sow/cli/internal/sow/worktree.go:80.2,82.56 3 1
github.com/jmgilman/sow/cli/internal/sow/worktree.go:82.56,84.3 1 0
github.com/jmgilman/sow/cli/internal/sow/worktree.go:86.2,86.12 1 1
github.com/jmgilman/sow/cli/internal/sow/worktree.go:92.50,94.52 1 1
github.com/jmgilman/sow/cli/internal/sow/worktree.go:94.52,96.3 1 0
github.com/jmgilman/sow/cli/internal/sow/worktree.go:98.2,99.16 2 1
github.com/jmgilman/sow/cli/internal/sow/worktree.go:99.16,101.3 1 0
github.com/jmgilman/sow/cli/internal/sow/worktree.go:103.2,104.16 2 1
github.com/jmgilman/sow/cli/internal/sow/worktree.go:104.16,106.3 1 0
github.com/jmgilman/sow/cli/internal/sow/worktree.go:110.2,110.36 1 1
github.com/jmgilman/sow/cli/internal/sow/worktree.go:110.36,112.61 1 1
github.com/jmgilman/sow/cli/internal/sow/worktree.go:112.61,114.4 1 0
github.com/jmgilman/sow/cli/internal/sow/worktree.go:116.3,116.63 1 1
github.com/jmgilman/sow/cli/internal/sow/worktree.go:116.63,118.4 1 1
github.com/jmgilman/sow/cli/internal/sow/worktree.go:121.2,121.12 1 1
