mode: set
github.com/jmgilman/sow/cli/internal/sow/config.go:20.56,22.15 2 0
github.com/jmgilman/sow/cli/internal/sow/config.go:22.15,24.3 1 0
github.com/jmgilman/sow/cli/internal/sow/config.go:27.2,28.16 2 0
github.com/jmgilman/sow/cli/internal/sow/config.go:28.16,31.3 1 0
github.com/jmgilman/sow/cli/internal/sow/config.go:34.2,35.54 2 0
github.com/jmgilman/sow/cli/internal/sow/config.go:35.54,37.3 1 0
github.com/jmgilman/sow/cli/internal/sow/config.go:40.2,42.21 2 0
github.com/jmgilman/sow/cli/internal/sow/config.go:46.41,59.2 3 0
github.com/jmgilman/sow/cli/internal/sow/config.go:62.44,63.29 1 0
github.com/jmgilman/sow/cli/internal/sow/config.go:63.29,68.3 1 0
github.com/jmgilman/sow/cli/internal/sow/config.go:70.2,70.34 1 0
github.com/jmgilman/sow/cli/internal/sow/config.go:70.34,73.3 2 0
github.com/jmgilman/sow/cli/internal/sow/config.go:75.2,75.41 1 0
github.com/jmgilman/sow/cli/internal/sow/config.go:75.41,78.3 2 0
github.com/jmgilman/sow/cli/internal/sow/config.go:82.63,83.61 1 0
github.com/jmgilman/sow/cli/internal/sow/config.go:83.61,85.3 1 0
github.com/jmgilman/sow/cli/internal/sow/config.go:86.2,86.76 1 0
github.com/jmgilman/sow/cli/internal/sow/config.go:90.69,91.68 1 0
github.com/jmgilman/sow/cli/internal/sow/config.go:91.68,93.3 1 0
github.com/jmgilman/sow/cli/internal/sow/config.go:94.2,94.82 1 0
github.com/jmgilman/sow/cli/internal/sow/config.go:99.47,101.2 1 0
github.com/jmgilman/sow/cli/internal/sow/context.go:22.52,26.54 2 0
github.com/jmgilman/sow/cli/internal/sow/context.go:26.54,28.3 1 0
github.com/jmgilman/sow/cli/internal/sow/context.go:31.2,32.16 2 0
github.com/jmgilman/sow/cli/internal/sow/context.go:32.16,34.3 1 0
github.com/jmgilman/sow/cli/internal/sow/context.go:36.2,40.8 1 0
github.com/jmgilman/sow/cli/internal/sow/context.go:44.27,46.2 1 0
github.com/jmgilman/sow/cli/internal/sow/context.go:49.30,51.2 1 1
github.com/jmgilman/sow/cli/internal/sow/context.go:54.36,55.21 1 0
github.com/jmgilman/sow/cli/internal/sow/context.go:55.21,57.3 1 0
github.com/jmgilman/sow/cli/internal/sow/context.go:58.2,58.17 1 0
github.com/jmgilman/sow/cli/internal/sow/context.go:62.37,64.2 1 0
github.com/jmgilman/sow/cli/internal/sow/context.go:67.40,69.2 1 0
github.com/jmgilman/sow/cli/internal/sow/fs.go:29.41,31.30 1 0
github.com/jmgilman/sow/cli/internal/sow/fs.go:31.30,33.3 1 0
github.com/jmgilman/sow/cli/internal/sow/fs.go:36.2,40.16 3 0
github.com/jmgilman/sow/cli/internal/sow/fs.go:40.16,42.3 1 0
github.com/jmgilman/sow/cli/internal/sow/fs.go:45.2,46.16 2 0
github.com/jmgilman/sow/cli/internal/sow/fs.go:46.16,48.3 1 0
github.com/jmgilman/sow/cli/internal/sow/fs.go:50.2,50.19 1 0
github.com/jmgilman/sow/cli/internal/sow/git.go:26.44,29.16 2 0
github.com/jmgilman/sow/cli/internal/sow/git.go:29.16,31.3 1 0
github.com/jmgilman/sow/cli/internal/sow/git.go:33.2,36.8 1 0
github.com/jmgilman/sow/cli/internal/sow/git.go:43.44,45.2 1 1
github.com/jmgilman/sow/cli/internal/sow/git.go:48.33,50.2 1 0
github.com/jmgilman/sow/cli/internal/sow/git.go:63.47,65.16 2 0
github.com/jmgilman/sow/cli/internal/sow/git.go:65.16,67.3 1 0
github.com/jmgilman/sow/cli/internal/sow/git.go:69.2,69.20 1 0
github.com/jmgilman/sow/cli/internal/sow/git.go:88.53,90.2 1 0
github.com/jmgilman/sow/cli/internal/sow/git.go:100.53,103.16 2 0
github.com/jmgilman/sow/cli/internal/sow/git.go:103.16,105.3 1 0
github.com/jmgilman/sow/cli/internal/sow/git.go:107.2,108.16 2 0
github.com/jmgilman/sow/cli/internal/sow/git.go:108.16,110.3 1 0
github.com/jmgilman/sow/cli/internal/sow/git.go:113.2,113.31 1 0
github.com/jmgilman/sow/cli/internal/sow/git.go:119.44,121.16 2 0
github.com/jmgilman/sow/cli/internal/sow/git.go:121.16,123.3 1 0
github.com/jmgilman/sow/cli/internal/sow/git.go:126.2,127.34 2 0
github.com/jmgilman/sow/cli/internal/sow/git.go:127.34,128.23 1 0
github.com/jmgilman/sow/cli/internal/sow/git.go:128.23,130.4 1 0
github.com/jmgilman/sow/cli/internal/sow/git.go:133.2,133.19 1 0
github.com/jmgilman/sow/cli/internal/sow/git.go:147.55,150.16 2 0
github.com/jmgilman/sow/cli/internal/sow/git.go:150.16,152.3 1 0
github.com/jmgilman/sow/cli/internal/sow/git.go:155.2,158.16 2 0
github.com/jmgilman/sow/cli/internal/sow/git.go:158.16,160.3 1 0
github.com/jmgilman/sow/cli/internal/sow/git.go:162.2,162.12 1 0
github.com/jmgilman/sow/cli/internal/sow/github.go:33.48,37.2 1 1
github.com/jmgilman/sow/cli/internal/sow/github.go:44.43,46.2 1 0
github.com/jmgilman/sow/cli/internal/sow/github.go:51.47,53.2 1 0
github.com/jmgilman/sow/cli/internal/sow/github.go:62.38,63.20 1 0
github.com/jmgilman/sow/cli/internal/sow/github.go:63.20,65.3 1 0
github.com/jmgilman/sow/cli/internal/sow/github.go:66.2,66.58 1 0
github.com/jmgilman/sow/cli/internal/sow/github.go:69.38,71.2 1 0
github.com/jmgilman/sow/cli/internal/sow/github.go:94.45,95.29 1 0
github.com/jmgilman/sow/cli/internal/sow/github.go:95.29,96.22 1 0
github.com/jmgilman/sow/cli/internal/sow/github.go:96.22,98.4 1 0
github.com/jmgilman/sow/cli/internal/sow/github.go:100.2,100.14 1 0
github.com/jmgilman/sow/cli/internal/sow/github.go:106.41,107.20 1 1
github.com/jmgilman/sow/cli/internal/sow/github.go:107.20,109.3 1 1
github.com/jmgilman/sow/cli/internal/sow/github.go:110.2,110.12 1 1
github.com/jmgilman/sow/cli/internal/sow/github.go:114.45,117.57 1 1
github.com/jmgilman/sow/cli/internal/sow/github.go:117.57,119.3 1 1
github.com/jmgilman/sow/cli/internal/sow/github.go:121.2,121.12 1 1
github.com/jmgilman/sow/cli/internal/sow/github.go:128.33,129.43 1 1
github.com/jmgilman/sow/cli/internal/sow/github.go:129.43,131.3 1 0
github.com/jmgilman/sow/cli/internal/sow/github.go:132.2,132.47 1 1
github.com/jmgilman/sow/cli/internal/sow/github.go:132.47,134.3 1 0
github.com/jmgilman/sow/cli/internal/sow/github.go:135.2,135.12 1 1
github.com/jmgilman/sow/cli/internal/sow/github.go:147.67,148.35 1 0
github.com/jmgilman/sow/cli/internal/sow/github.go:148.35,150.3 1 0
github.com/jmgilman/sow/cli/internal/sow/github.go:152.2,159.16 2 0
github.com/jmgilman/sow/cli/internal/sow/github.go:159.16,165.3 1 0
github.com/jmgilman/sow/cli/internal/sow/github.go:167.2,168.64 2 0
github.com/jmgilman/sow/cli/internal/sow/github.go:168.64,170.3 1 0
github.com/jmgilman/sow/cli/internal/sow/github.go:172.2,172.20 1 0
github.com/jmgilman/sow/cli/internal/sow/github.go:176.55,177.35 1 1
github.com/jmgilman/sow/cli/internal/sow/github.go:177.35,179.3 1 0
github.com/jmgilman/sow/cli/internal/sow/github.go:181.2,185.16 2 1
github.com/jmgilman/sow/cli/internal/sow/github.go:185.16,191.3 1 0
github.com/jmgilman/sow/cli/internal/sow/github.go:193.2,194.63 2 1
github.com/jmgilman/sow/cli/internal/sow/github.go:194.63,196.3 1 0
github.com/jmgilman/sow/cli/internal/sow/github.go:198.2,198.20 1 1
github.com/jmgilman/sow/cli/internal/sow/github.go:204.72,205.35 1 0
github.com/jmgilman/sow/cli/internal/sow/github.go:205.35,207.3 1 0
github.com/jmgilman/sow/cli/internal/sow/github.go:209.2,212.16 2 0
github.com/jmgilman/sow/cli/internal/sow/github.go:212.16,215.51 1 0
github.com/jmgilman/sow/cli/internal/sow/github.go:215.51,217.4 1 0
github.com/jmgilman/sow/cli/internal/sow/github.go:219.3,223.4 1 0
github.com/jmgilman/sow/cli/internal/sow/github.go:228.2,231.29 3 0
github.com/jmgilman/sow/cli/internal/sow/github.go:231.29,233.13 1 0
github.com/jmgilman/sow/cli/internal/sow/github.go:233.13,234.12 1 0
github.com/jmgilman/sow/cli/internal/sow/github.go:238.3,239.17 2 0
github.com/jmgilman/sow/cli/internal/sow/github.go:239.17,240.12 1 0
github.com/jmgilman/sow/cli/internal/sow/github.go:244.3,245.22 2 0
github.com/jmgilman/sow/cli/internal/sow/github.go:245.22,250.4 1 0
github.com/jmgilman/sow/cli/internal/sow/github.go:253.2,253.22 1 0
github.com/jmgilman/sow/cli/internal/sow/github.go:264.104,265.35 1 0
github.com/jmgilman/sow/cli/internal/sow/github.go:265.35,267.3 1 0
github.com/jmgilman/sow/cli/internal/sow/github.go:269.2,273.22 2 0
github.com/jmgilman/sow/cli/internal/sow/github.go:273.22,275.3 1 0
github.com/jmgilman/sow/cli/internal/sow/github.go:277.2,277.14 1 0
github.com/jmgilman/sow/cli/internal/sow/github.go:277.14,279.3 1 0
github.com/jmgilman/sow/cli/internal/sow/github.go:281.2,282.16 2 0
github.com/jmgilman/sow/cli/internal/sow/github.go:282.16,288.3 1 0
github.com/jmgilman/sow/cli/internal/sow/github.go:293.2,296.22 2 0
github.com/jmgilman/sow/cli/internal/sow/github.go:296.22,298.3 1 0
github.com/jmgilman/sow/cli/internal/sow/github.go:302.2,303.29 2 0
github.com/jmgilman/sow/cli/internal/sow/github.go:303.29,304.95 1 0
github.com/jmgilman/sow/cli/internal/sow/github.go:304.95,306.23 2 0
github.com/jmgilman/sow/cli/internal/sow/github.go:306.23,308.5 1 0
github.com/jmgilman/sow/cli/internal/sow/github.go:315.2,316.16 2 0
github.com/jmgilman/sow/cli/internal/sow/github.go:316.16,318.3 1 0
github.com/jmgilman/sow/cli/internal/sow/github.go:321.2,322.24 2 0
github.com/jmgilman/sow/cli/internal/sow/github.go:335.83,336.35 1 0
github.com/jmgilman/sow/cli/internal/sow/github.go:336.35,338.3 1 0
github.com/jmgilman/sow/cli/internal/sow/github.go:341.2,344.31 2 0
github.com/jmgilman/sow/cli/internal/sow/github.go:344.31,346.3 1 0
github.com/jmgilman/sow/cli/internal/sow/github.go:348.2,349.16 2 0
github.com/jmgilman/sow/cli/internal/sow/github.go:349.16,355.3 1 0
github.com/jmgilman/sow/cli/internal/sow/github.go:358.2,360.21 3 0
github.com/jmgilman/sow/cli/internal/sow/github.go:360.21,362.3 1 0
github.com/jmgilman/sow/cli/internal/sow/github.go:365.2,368.42 2 0
github.com/jmgilman/sow/cli/internal/sow/github.go:368.42,370.3 1 0
github.com/jmgilman/sow/cli/internal/sow/github.go:373.2,374.20 2 0
github.com/jmgilman/sow/cli/internal/sow/github.go:374.20,376.3 1 0
github.com/jmgilman/sow/cli/internal/sow/github.go:377.2,380.16 4 0
github.com/jmgilman/sow/cli/internal/sow/github.go:380.16,382.3 1 0
github.com/jmgilman/sow/cli/internal/sow/github.go:384.2,390.8 1 0
github.com/jmgilman/sow/cli/internal/sow/github.go:400.72,401.35 1 0
github.com/jmgilman/sow/cli/internal/sow/github.go:401.35,403.3 1 0
github.com/jmgilman/sow/cli/internal/sow/github.go:405.2,410.16 2 0
github.com/jmgilman/sow/cli/internal/sow/github.go:410.16,416.3 1 0
github.com/jmgilman/sow/cli/internal/sow/github.go:419.2,421.21 3 0
github.com/jmgilman/sow/cli/internal/sow/github.go:421.21,423.3 1 0
github.com/jmgilman/sow/cli/internal/sow/github.go:426.2,429.39 2 0
github.com/jmgilman/sow/cli/internal/sow/github.go:429.39,431.3 1 0
github.com/jmgilman/sow/cli/internal/sow/github.go:433.2,433.19 1 0
github.com/jmgilman/sow/cli/internal/sow/github.go:439.35,449.22 5 0
github.com/jmgilman/sow/cli/internal/sow/github.go:449.22,450.67 1 0
github.com/jmgilman/sow/cli/internal/sow/github.go:450.67,452.4 1 0
github.com/jmgilman/sow/cli/internal/sow/github.go:456.2,457.34 2 0
github.com/jmgilman/sow/cli/internal/sow/github.go:457.34,459.3 1 0
github.com/jmgilman/sow/cli/internal/sow/github.go:462.2,464.12 2 0
github.com/jmgilman/sow/cli/internal/sow/options.go:10.46,12.2 1 0
github.com/jmgilman/sow/cli/internal/sow/options.go:18.58,19.32 1 0
github.com/jmgilman/sow/cli/internal/sow/options.go:19.32,21.3 1 0
github.com/jmgilman/sow/cli/internal/sow/options.go:36.34,38.2 1 0
github.com/jmgilman/sow/cli/internal/sow/options.go:41.46,43.2 1 0
github.com/jmgilman/sow/cli/internal/sow/options.go:46.43,48.2 1 0
github.com/jmgilman/sow/cli/internal/sow/options.go:54.43,55.31 1 0
github.com/jmgilman/sow/cli/internal/sow/options.go:55.31,57.3 1 0
github.com/jmgilman/sow/cli/internal/sow/options.go:61.45,62.31 1 0
github.com/jmgilman/sow/cli/internal/sow/options.go:62.31,64.3 1 0
github.com/jmgilman/sow/cli/internal/sow/options.go:68.50,69.31 1 0
github.com/jmgilman/sow/cli/internal/sow/options.go:69.31,71.3 1 0
github.com/jmgilman/sow/cli/internal/sow/options.go:75.41,76.31 1 0
github.com/jmgilman/sow/cli/internal/sow/options.go:76.31,78.3 1 0
github.com/jmgilman/sow/cli/internal/sow/options.go:82.53,83.31 1 0
github.com/jmgilman/sow/cli/internal/sow/options.go:83.31,85.3 1 0
github.com/jmgilman/sow/cli/internal/sow/options.go:89.35,90.31 1 0
github.com/jmgilman/sow/cli/internal/sow/options.go:90.31,92.3 1 0
github.com/jmgilman/sow/cli/internal/sow/sow.go:30.42,34.2 3 0
github.com/jmgilman/sow/cli/internal/sow/sow.go:38.34,41.44 2 0
github.com/jmgilman/sow/cli/internal/sow/sow.go:41.44,43.3 1 0
github.com/jmgilman/sow/cli/internal/sow/sow.go:46.2,46.29 1 0
github.com/jmgilman/sow/cli/internal/sow/sow.go:46.29,48.3 1 0
github.com/jmgilman/sow/cli/internal/sow/sow.go:51.2,52.51 2 0
github.com/jmgilman/sow/cli/internal/sow/sow.go:52.51,54.3 1 0
github.com/jmgilman/sow/cli/internal/sow/sow.go:57.2,58.57 2 0
github.com/jmgilman/sow/cli/internal/sow/sow.go:58.57,60.3 1 0
github.com/jmgilman/sow/cli/internal/sow/sow.go:63.2,64.52 2 0
github.com/jmgilman/sow/cli/internal/sow/sow.go:64.52,66.3 1 0
github.com/jmgilman/sow/cli/internal/sow/sow.go:69.2,70.60 2 0
github.com/jmgilman/sow/cli/internal/sow/sow.go:70.60,72.3 1 0
github.com/jmgilman/sow/cli/internal/sow/sow.go:75.2,80.86 3 0
github.com/jmgilman/sow/cli/internal/sow/sow.go:80.86,82.3 1 0
github.com/jmgilman/sow/cli/internal/sow/sow.go:85.2,86.52 2 0
github.com/jmgilman/sow/cli/internal/sow/sow.go:86.52,88.3 1 0
github.com/jmgilman/sow/cli/internal/sow/sow.go:91.2,93.76 3 0
github.com/jmgilman/sow/cli/internal/sow/sow.go:93.76,95.3 1 0
github.com/jmgilman/sow/cli/internal/sow/sow.go:98.2,100.72 3 0
github.com/jmgilman/sow/cli/internal/sow/sow.go:100.72,102.3 1 0
github.com/jmgilman/sow/cli/internal/sow/sow.go:105.2,119.70 3 0
github.com/jmgilman/sow/cli/internal/sow/sow.go:119.70,121.3 1 0
github.com/jmgilman/sow/cli/internal/sow/sow.go:124.2,130.68 3 0
github.com/jmgilman/sow/cli/internal/sow/sow.go:130.68,132.3 1 0
github.com/jmgilman/sow/cli/internal/sow/sow.go:134.2,134.12 1 0
github.com/jmgilman/sow/cli/internal/sow/sow.go:139.54,143.16 2 0
github.com/jmgilman/sow/cli/internal/sow/sow.go:143.16,145.3 1 0
github.com/jmgilman/sow/cli/internal/sow/sow.go:148.2,149.16 2 0
github.com/jmgilman/sow/cli/internal/sow/sow.go:149.16,151.3 1 0
github.com/jmgilman/sow/cli/internal/sow/sow.go:154.2,159.21 3 0
github.com/jmgilman/sow/cli/internal/sow/sow.go:159.21,160.97 1 0
github.com/jmgilman/sow/cli/internal/sow/sow.go:160.97,162.4 1 0
github.com/jmgilman/sow/cli/internal/sow/sow.go:166.2,166.68 1 0
github.com/jmgilman/sow/cli/internal/sow/sow.go:166.68,168.3 1 0
github.com/jmgilman/sow/cli/internal/sow/sow.go:170.2,170.19 1 0
github.com/jmgilman/sow/cli/internal/sow/validation.go:25.41,27.2 1 0
github.com/jmgilman/sow/cli/internal/sow/validation.go:35.45,37.2 1 0
github.com/jmgilman/sow/cli/internal/sow/validation.go:40.43,41.20 1 0
github.com/jmgilman/sow/cli/internal/sow/validation.go:41.20,43.3 1 0
github.com/jmgilman/sow/cli/internal/sow/validation.go:45.2,47.31 3 0
github.com/jmgilman/sow/cli/internal/sow/validation.go:47.31,49.3 1 0
github.com/jmgilman/sow/cli/internal/sow/validation.go:50.2,50.20 1 0
github.com/jmgilman/sow/cli/internal/sow/validation.go:54.68,55.16 1 0
github.com/jmgilman/sow/cli/internal/sow/validation.go:55.16,61.3 1 0
github.com/jmgilman/sow/cli/internal/sow/validation.go:78.59,81.16 2 0
github.com/jmgilman/sow/cli/internal/sow/validation.go:81.16,83.3 1 0
github.com/jmgilman/sow/cli/internal/sow/validation.go:85.2,96.20 5 0
github.com/jmgilman/sow/cli/internal/sow/validation.go:100.109,106.16 4 0
github.com/jmgilman/sow/cli/internal/sow/validation.go:106.16,109.3 1 0
github.com/jmgilman/sow/cli/internal/sow/validation.go:112.2,113.16 2 0
github.com/jmgilman/sow/cli/internal/sow/validation.go:113.16,116.3 2 0
github.com/jmgilman/sow/cli/internal/sow/validation.go:119.2,119.67 1 0
github.com/jmgilman/sow/cli/internal/sow/validation.go:119.67,121.3 1 0
github.com/jmgilman/sow/cli/internal/sow/validation.go:125.105,131.16 4 0
github.com/jmgilman/sow/cli/internal/sow/validation.go:131.16,134.3 1 0
github.com/jmgilman/sow/cli/internal/sow/validation.go:137.2,138.16 2 0
github.com/jmgilman/sow/cli/internal/sow/validation.go:138.16,141.3 2 0
github.com/jmgilman/sow/cli/internal/sow/validation.go:144.2,144.63 1 0
github.com/jmgilman/sow/cli/internal/sow/validation.go:144.63,146.3 1 0
github.com/jmgilman/sow/cli/internal/sow/validation.go:150.98,156.16 4 0
github.com/jmgilman/sow/cli/internal/sow/validation.go:156.16,159.3 1 0
github.com/jmgilman/sow/cli/internal/sow/validation.go:162.2,163.16 2 0
github.com/jmgilman/sow/cli/internal/sow/validation.go:163.16,166.3 2 0
github.com/jmgilman/sow/cli/internal/sow/validation.go:168.2,168.61 1 0
github.com/jmgilman/sow/cli/internal/sow/validation.go:168.61,170.3 1 0
github.com/jmgilman/sow/cli/internal/sow/validation.go:173.2,173.44 1 0
github.com/jmgilman/sow/cli/internal/sow/validation.go:177.96,183.16 4 0
github.com/jmgilman/sow/cli/internal/sow/validation.go:183.16,186.3 1 0
github.com/jmgilman/sow/cli/internal/sow/validation.go:189.2,190.16 2 0
github.com/jmgilman/sow/cli/internal/sow/validation.go:190.16,193.3 2 0
github.com/jmgilman/sow/cli/internal/sow/validation.go:196.2,196.32 1 0
github.com/jmgilman/sow/cli/internal/sow/validation.go:196.32,197.21 1 0
github.com/jmgilman/sow/cli/internal/sow/validation.go:197.21,198.12 1 0
github.com/jmgilman/sow/cli/internal/sow/validation.go:201.3,207.17 5 0
github.com/jmgilman/sow/cli/internal/sow/validation.go:207.17,209.12 2 0
github.com/jmgilman/sow/cli/internal/sow/validation.go:213.3,214.17 2 0
github.com/jmgilman/sow/cli/internal/sow/validation.go:214.17,216.12 2 0
github.com/jmgilman/sow/cli/internal/sow/validation.go:220.3,220.59 1 0
github.com/jmgilman/sow/cli/internal/sow/validation.go:220.59,222.4 1 0
github.com/jmgilman/sow/cli/internal/sow/worktree.go:15.51,17.2 1 1
github.com/jmgilman/sow/cli/internal/sow/worktree.go:21.62,23.41 1 1
github.com/jmgilman/sow/cli/internal/sow/worktree.go:23.41,26.3 1 1
github.com/jmgilman/sow/cli/internal/sow/worktree.go:29.2,34.12 3 1
github.com/jmgilman/sow/cli/internal/sow/worktree.go:39.50,41.16 2 1
github.com/jmgilman/sow/cli/internal/sow/worktree.go:41.16,43.3 1 0
github.com/jmgilman/sow/cli/internal/sow/worktree.go:45.2,46.16 2 1
github.com/jmgilman/sow/cli/internal/sow/worktree.go:46.16,48.3 1 0
github.com/jmgilman/sow/cli/internal/sow/worktree.go:50.2,50.23 1 1
github.com/jmgilman/sow/cli/internal/sow/worktree.go:50.23,52.3 1 1
github.com/jmgilman/sow/cli/internal/sow/worktree.go:54.2,54.12 1 1
